[2020-01-19T09:37:36.126] [DEBUG] cheese - login => username:zs,password:123456
[2020-01-19T09:37:36.129] [DEBUG] cheese - zs
[2020-01-19T09:37:36.144] [DEBUG] cheese - null
[2020-01-19T09:37:36.144] [DEBUG] cheese - null
[2020-01-19T09:37:45.423] [DEBUG] cheese - login => username:admin,password:123456
[2020-01-19T09:37:45.423] [DEBUG] cheese - admin
[2020-01-19T09:37:45.432] [DEBUG] cheese - null
[2020-01-19T09:37:45.432] [DEBUG] cheese - null
[2020-01-19T14:58:49.600] [DEBUG] cheese - login => username:admin,password:123456
[2020-01-19T14:58:49.602] [DEBUG] cheese - admin
[2020-01-19T14:58:49.617] [DEBUG] cheese - null
[2020-01-19T14:58:49.618] [DEBUG] cheese - null
[2020-01-19T14:59:44.235] [DEBUG] cheese - login => username:admin,password:123456
[2020-01-19T14:59:44.235] [DEBUG] cheese - admin
[2020-01-19T14:59:44.238] [DEBUG] cheese - null
[2020-01-19T14:59:44.239] [DEBUG] cheese - null
[2020-01-19T15:17:42.569] [DEBUG] cheese - login => username:admin,password:123456
[2020-01-19T15:17:42.570] [DEBUG] cheese - admin
[2020-01-19T15:17:42.574] [DEBUG] cheese - null
[2020-01-19T15:17:42.574] [DEBUG] cheese - null
[2020-01-19T15:18:22.727] [DEBUG] cheese - login => username:admin,password:123456
[2020-01-19T15:18:22.727] [DEBUG] cheese - admin
[2020-01-19T15:18:22.729] [DEBUG] cheese - null
[2020-01-19T15:18:22.729] [DEBUG] cheese - null
[2020-01-19T15:18:26.210] [DEBUG] cheese - login => username:admin,password:123456
[2020-01-19T15:18:26.210] [DEBUG] cheese - admin
[2020-01-19T15:18:26.213] [DEBUG] cheese - null
[2020-01-19T15:18:26.213] [DEBUG] cheese - null
[2020-01-19T15:18:28.096] [DEBUG] cheese - login => username:admina,password:123456
[2020-01-19T15:18:28.096] [DEBUG] cheese - admina
[2020-01-19T15:18:28.098] [DEBUG] cheese - null
[2020-01-19T15:18:28.098] [DEBUG] cheese - null
[2020-01-19T15:25:07.169] [DEBUG] cheese - login => username:admin,password:123456
[2020-01-19T15:25:07.170] [DEBUG] cheese - admin
[2020-01-19T15:25:07.172] [DEBUG] cheese - null
[2020-01-19T15:25:07.173] [DEBUG] cheese - null
[2020-01-19T15:26:31.579] [DEBUG] cheese - login => username:admin,password:123456d
[2020-01-19T15:26:31.579] [DEBUG] cheese - admin
[2020-01-19T15:26:31.581] [DEBUG] cheese - null
[2020-01-19T15:26:31.581] [DEBUG] cheese - null
[2020-01-19T15:26:34.835] [DEBUG] cheese - login => username:admin,password:123456d
[2020-01-19T15:26:34.835] [DEBUG] cheese - admin
[2020-01-19T15:26:34.836] [DEBUG] cheese - null
[2020-01-19T15:26:34.837] [DEBUG] cheese - null
[2020-01-19T15:26:35.293] [DEBUG] cheese - login => username:admin,password:123456d
[2020-01-19T15:26:35.293] [DEBUG] cheese - admin
[2020-01-19T15:26:35.296] [DEBUG] cheese - null
[2020-01-19T15:26:35.296] [DEBUG] cheese - null
[2020-01-19T15:26:40.302] [DEBUG] cheese - login => username:admin,password:123456
[2020-01-19T15:26:40.302] [DEBUG] cheese - admin
[2020-01-19T15:26:40.304] [DEBUG] cheese - null
[2020-01-19T15:26:40.304] [DEBUG] cheese - null
[2020-01-19T15:28:41.289] [DEBUG] cheese - login => username:admin,password:123456
[2020-01-19T15:28:41.289] [DEBUG] cheese - admin
[2020-01-19T15:28:41.291] [DEBUG] cheese - null
[2020-01-19T15:28:41.291] [DEBUG] cheese - null
[2020-01-19T15:29:36.110] [DEBUG] cheese - login => username:admin,password:123456
[2020-01-19T15:29:36.110] [DEBUG] cheese - admin
[2020-01-19T15:29:36.113] [DEBUG] cheese - null
[2020-01-19T15:29:36.113] [DEBUG] cheese - null
[2020-01-19T15:30:03.885] [DEBUG] cheese - login => username:admin,password:123456
[2020-01-19T15:30:03.885] [DEBUG] cheese - admin
[2020-01-19T15:30:03.888] [DEBUG] cheese - null
[2020-01-19T15:30:03.888] [DEBUG] cheese - null
[2020-01-19T15:42:40.236] [DEBUG] cheese - login => username:admin,password:123456
[2020-01-19T15:42:40.236] [DEBUG] cheese - admin
[2020-01-19T15:42:40.239] [DEBUG] cheese - null
[2020-01-19T15:42:40.239] [DEBUG] cheese - null
[2020-01-19T16:03:47.994] [DEBUG] cheese - login => username:admin,password:123456
[2020-01-19T16:03:47.994] [DEBUG] cheese - admin
[2020-01-19T16:03:47.997] [DEBUG] cheese - null
[2020-01-19T16:03:47.997] [DEBUG] cheese - null
[2020-01-19T16:10:45.012] [DEBUG] cheese - login => username:admin,password:123456
[2020-01-19T16:10:45.012] [DEBUG] cheese - admin
[2020-01-19T16:10:45.016] [DEBUG] cheese - null
[2020-01-19T16:10:45.016] [DEBUG] cheese - null
[2020-01-19T16:11:53.433] [DEBUG] cheese - login => username:admin,password:123456
[2020-01-19T16:11:53.433] [DEBUG] cheese - admin
[2020-01-19T16:11:53.436] [DEBUG] cheese - null
[2020-01-19T16:11:53.436] [DEBUG] cheese - null
[2020-01-19T16:18:49.514] [DEBUG] cheese - login => username:admin,password:123456
[2020-01-19T16:18:49.514] [DEBUG] cheese - admin
[2020-01-19T16:18:49.516] [DEBUG] cheese - null
[2020-01-19T16:18:49.517] [DEBUG] cheese - null
[2020-01-19T16:28:16.679] [DEBUG] cheese - login => username:admin,password:123456
[2020-01-19T16:28:16.679] [DEBUG] cheese - admin
[2020-01-19T16:28:16.681] [DEBUG] cheese - null
[2020-01-19T16:28:16.681] [DEBUG] cheese - null
[2020-01-19T16:56:02.532] [DEBUG] cheese - login => username:admin,password:123456
[2020-01-19T16:56:02.533] [DEBUG] cheese - admin
[2020-01-19T16:56:02.536] [DEBUG] cheese - null
[2020-01-19T16:56:02.536] [DEBUG] cheese - null
[2020-01-19T17:21:38.815] [DEBUG] cheese - login => username:admin,password:123456
[2020-01-19T17:21:38.815] [DEBUG] cheese - admin
[2020-01-19T17:21:38.817] [DEBUG] cheese - null
[2020-01-19T17:21:38.817] [DEBUG] cheese - null
[2020-01-19T17:23:50.368] [DEBUG] cheese - login => username:admin,password:123456
[2020-01-19T17:23:50.369] [DEBUG] cheese - admin
[2020-01-19T17:23:50.371] [DEBUG] cheese - null
[2020-01-19T17:23:50.371] [DEBUG] cheese - null
[2020-01-19T17:24:24.053] [DEBUG] cheese - login => username:admin,password:123456
[2020-01-19T17:24:24.053] [DEBUG] cheese - admin
[2020-01-19T17:24:24.055] [DEBUG] cheese - null
[2020-01-19T17:24:24.055] [DEBUG] cheese - null
[2020-01-19T17:28:18.312] [DEBUG] cheese - login => username:admin,password:123456
[2020-01-19T17:28:18.312] [DEBUG] cheese - admin
[2020-01-19T17:28:18.315] [DEBUG] cheese - null
[2020-01-19T17:28:18.315] [DEBUG] cheese - null
[2020-01-19T17:44:37.466] [DEBUG] cheese - login => username:admin,password:123456
[2020-01-19T17:44:37.466] [DEBUG] cheese - admin
[2020-01-19T17:44:37.469] [DEBUG] cheese - null
[2020-01-19T17:44:37.469] [DEBUG] cheese - null
[2020-01-19T17:46:20.424] [DEBUG] cheese - login => username:admin,password:123456
[2020-01-19T17:46:20.424] [DEBUG] cheese - admin
[2020-01-19T17:46:20.428] [DEBUG] cheese - null
[2020-01-19T17:46:20.428] [DEBUG] cheese - null
[2020-01-19T21:53:47.644] [DEBUG] cheese - login => username:admin,password:123456
[2020-01-19T21:53:47.644] [DEBUG] cheese - admin
[2020-01-19T21:53:47.647] [DEBUG] cheese - null
[2020-01-19T21:53:47.647] [DEBUG] cheese - null
[2020-01-19T22:21:52.998] [DEBUG] cheese - login => username:admin,password:123456
[2020-01-19T22:21:52.998] [DEBUG] cheese - admin
[2020-01-19T22:21:53.001] [DEBUG] cheese - null
[2020-01-19T22:21:53.001] [DEBUG] cheese - null
[2020-01-19T23:08:34.335] [DEBUG] cheese - login => username:admin,password:123456
[2020-01-19T23:08:34.335] [DEBUG] cheese - admin
[2020-01-19T23:08:34.337] [DEBUG] cheese - null
[2020-01-19T23:08:34.337] [DEBUG] cheese - null
[2020-01-20T16:15:37.043] [DEBUG] cheese - login => username:admin,password:123456
[2020-01-20T16:15:37.045] [DEBUG] cheese - admin
[2020-01-20T16:15:37.055] [DEBUG] cheese - null
[2020-01-20T16:15:37.056] [DEBUG] cheese - null
[2020-01-20T16:40:51.810] [DEBUG] cheese - login => username:admin,password:123456
[2020-01-20T16:40:51.810] [DEBUG] cheese - admin
[2020-01-20T16:40:51.814] [DEBUG] cheese - null
[2020-01-20T16:40:51.814] [DEBUG] cheese - null
[2020-01-20T23:36:37.377] [DEBUG] cheese - login => username:admin,password:123456
[2020-01-20T23:36:37.378] [DEBUG] cheese - admin
[2020-01-20T23:36:37.380] [DEBUG] cheese - null
[2020-01-20T23:36:37.380] [DEBUG] cheese - null
[2020-01-21T15:57:20.945] [DEBUG] cheese - null
[2020-01-21T23:03:47.319] [DEBUG] cheese - login => username:admin,password:123456
[2020-01-21T23:03:47.320] [DEBUG] cheese - admin
[2020-01-21T23:03:47.323] [DEBUG] cheese - null
[2020-01-21T23:03:47.323] [DEBUG] cheese - null
[2020-01-23T20:44:20.582] [DEBUG] cheese - login => username:admin,password:123456
[2020-01-23T20:44:20.585] [DEBUG] cheese - admin
[2020-01-23T20:44:20.604] [DEBUG] cheese - null
[2020-01-23T20:44:20.605] [DEBUG] cheese - null
[2020-01-25T12:07:27.757] [DEBUG] cheese - login => username:admin,password:123456
[2020-01-25T12:07:27.758] [DEBUG] cheese - admin
[2020-01-25T12:07:27.868] [DEBUG] cheese - null
[2020-01-25T12:07:27.868] [DEBUG] cheese - null
[2020-01-25T17:55:09.328] [DEBUG] cheese - login => username:admin,password:123456
[2020-01-25T17:55:09.328] [DEBUG] cheese - admin
[2020-01-25T17:55:09.330] [DEBUG] cheese - null
[2020-01-25T17:55:09.330] [DEBUG] cheese - null
[2020-01-25T17:56:06.587] [DEBUG] cheese - login => username:admi,password:123456
[2020-01-25T17:56:06.588] [DEBUG] cheese - admi
[2020-01-25T17:56:06.589] [DEBUG] cheese - null
[2020-01-25T17:56:06.589] [DEBUG] cheese - null
[2020-01-25T17:56:10.552] [DEBUG] cheese - login => username:admin,password:123456
[2020-01-25T17:56:10.552] [DEBUG] cheese - admin
[2020-01-25T17:56:10.555] [DEBUG] cheese - null
[2020-01-25T17:56:10.555] [DEBUG] cheese - null
[2020-01-25T17:56:25.692] [DEBUG] cheese - login => username:linken,password:123456
[2020-01-25T17:56:25.692] [DEBUG] cheese - linken
[2020-01-25T17:56:25.695] [DEBUG] cheese - null
[2020-01-25T17:56:25.695] [DEBUG] cheese - null
[2020-01-25T17:56:33.086] [DEBUG] cheese - login => username:admin,password:123456
[2020-01-25T17:56:33.086] [DEBUG] cheese - admin
[2020-01-25T17:56:33.089] [DEBUG] cheese - null
[2020-01-25T17:56:33.089] [DEBUG] cheese - null
[2020-01-25T18:01:11.807] [DEBUG] cheese - login => username:auth,password:123456
[2020-01-25T18:01:11.807] [DEBUG] cheese - auth
[2020-01-25T18:01:11.809] [DEBUG] cheese - null
[2020-01-25T18:01:11.809] [DEBUG] cheese - null
[2020-01-25T18:01:21.331] [DEBUG] cheese - login => username:auth,password:123456
[2020-01-25T18:01:21.331] [DEBUG] cheese - auth
[2020-01-25T18:01:21.333] [DEBUG] cheese - null
[2020-01-25T18:01:21.333] [DEBUG] cheese - null
[2020-01-25T18:01:22.594] [DEBUG] cheese - login => username:admin,password:123456
[2020-01-25T18:01:22.594] [DEBUG] cheese - admin
[2020-01-25T18:01:22.596] [DEBUG] cheese - null
[2020-01-25T18:01:22.596] [DEBUG] cheese - null
[2020-01-25T18:01:46.719] [DEBUG] cheese - login => username:auth,password:123456
[2020-01-25T18:01:46.719] [DEBUG] cheese - auth
[2020-01-25T18:01:46.720] [DEBUG] cheese - null
[2020-01-25T18:01:46.720] [DEBUG] cheese - null
[2020-01-25T18:01:49.042] [DEBUG] cheese - null
[2020-01-25T18:01:49.045] [DEBUG] cheese - null
[2020-01-25T18:01:52.237] [DEBUG] cheese - null
[2020-01-25T18:01:52.238] [DEBUG] cheese - null
[2020-01-25T18:01:53.421] [DEBUG] cheese - null
[2020-01-25T18:01:53.424] [DEBUG] cheese - null
[2020-01-25T18:01:59.201] [DEBUG] cheese - login => username:admin,password:123456
[2020-01-25T18:01:59.201] [DEBUG] cheese - admin
[2020-01-25T18:01:59.202] [DEBUG] cheese - null
[2020-01-25T18:01:59.202] [DEBUG] cheese - null
[2020-01-26T13:07:24.764] [DEBUG] cheese - login => username:admin,password:123456
[2020-01-26T13:07:24.764] [DEBUG] cheese - admin
[2020-01-26T13:07:24.767] [DEBUG] cheese - null
[2020-01-26T13:07:24.767] [DEBUG] cheese - null
[2020-01-26T16:04:29.486] [DEBUG] cheese - login => username:admin,password:123456
[2020-01-26T16:04:29.486] [DEBUG] cheese - admin
[2020-01-26T16:04:29.592] [DEBUG] cheese - null
[2020-01-26T16:04:29.592] [DEBUG] cheese - null
[2020-01-26T17:42:27.771] [DEBUG] cheese - login => username:orders,password:123456
[2020-01-26T17:42:27.772] [DEBUG] cheese - orders
[2020-01-26T17:42:27.776] [DEBUG] cheese - null
[2020-01-26T17:42:27.776] [DEBUG] cheese - null
[2020-01-26T17:42:37.026] [DEBUG] cheese - login => username:admin,password:123456
[2020-01-26T17:42:37.026] [DEBUG] cheese - admin
[2020-01-26T17:42:37.031] [DEBUG] cheese - null
[2020-01-26T17:42:37.031] [DEBUG] cheese - null
[2020-01-26T17:42:51.967] [DEBUG] cheese - login => username:good,password:123456
[2020-01-26T17:42:51.967] [DEBUG] cheese - good
[2020-01-26T17:42:51.968] [DEBUG] cheese - null
[2020-01-26T17:42:51.969] [DEBUG] cheese - null
[2020-01-26T17:42:57.198] [DEBUG] cheese - login => username:good,password:123456
[2020-01-26T17:42:57.198] [DEBUG] cheese - good
[2020-01-26T17:42:57.202] [DEBUG] cheese - null
[2020-01-26T17:42:57.202] [DEBUG] cheese - null
[2020-01-26T17:43:03.117] [DEBUG] cheese - login => username:admin,password:123456
[2020-01-26T17:43:03.117] [DEBUG] cheese - admin
[2020-01-26T17:43:03.121] [DEBUG] cheese - null
[2020-01-26T17:43:03.121] [DEBUG] cheese - null
[2020-01-26T17:59:57.263] [DEBUG] cheese - login => username:linken,password:123456
[2020-01-26T17:59:57.263] [DEBUG] cheese - linken
[2020-01-26T17:59:57.266] [DEBUG] cheese - null
[2020-01-26T17:59:57.266] [DEBUG] cheese - null
[2020-01-26T17:59:59.567] [DEBUG] cheese - null
[2020-01-26T17:59:59.571] [DEBUG] cheese - null
[2020-01-26T18:00:00.669] [DEBUG] cheese - null
[2020-01-26T18:00:00.673] [DEBUG] cheese - null
[2020-01-26T18:00:01.722] [DEBUG] cheese - null
[2020-01-26T18:00:01.725] [DEBUG] cheese - null
[2020-01-26T18:00:12.566] [DEBUG] cheese - null
[2020-01-26T18:00:12.571] [DEBUG] cheese - null
[2020-01-26T18:00:13.701] [DEBUG] cheese - null
[2020-01-26T18:00:13.705] [DEBUG] cheese - null
[2020-01-26T18:00:20.653] [DEBUG] cheese - login => username:admin,password:123456
[2020-01-26T18:00:20.653] [DEBUG] cheese - admin
[2020-01-26T18:00:20.657] [DEBUG] cheese - null
[2020-01-26T18:00:20.657] [DEBUG] cheese - null
[2020-01-26T18:01:02.169] [DEBUG] cheese - login => username:admin,password:123456
[2020-01-26T18:01:02.169] [DEBUG] cheese - admin
[2020-01-26T18:01:02.174] [DEBUG] cheese - null
[2020-01-26T18:01:02.174] [DEBUG] cheese - null
[2020-01-26T18:01:11.646] [DEBUG] cheese - login => username:orders,password:123456
[2020-01-26T18:01:11.646] [DEBUG] cheese - orders
[2020-01-26T18:01:11.650] [DEBUG] cheese - null
[2020-01-26T18:01:11.650] [DEBUG] cheese - null
[2020-01-26T18:01:12.416] [DEBUG] cheese - login => username:orders,password:123456
[2020-01-26T18:01:12.416] [DEBUG] cheese - orders
[2020-01-26T18:01:12.421] [DEBUG] cheese - null
[2020-01-26T18:01:12.421] [DEBUG] cheese - null
[2020-01-26T18:01:12.616] [DEBUG] cheese - login => username:orders,password:123456
[2020-01-26T18:01:12.617] [DEBUG] cheese - orders
[2020-01-26T18:01:12.620] [DEBUG] cheese - null
[2020-01-26T18:01:12.621] [DEBUG] cheese - null
[2020-01-26T18:01:15.327] [DEBUG] cheese - login => username:admin,password:123456
[2020-01-26T18:01:15.327] [DEBUG] cheese - admin
[2020-01-26T18:01:15.331] [DEBUG] cheese - null
[2020-01-26T18:01:15.331] [DEBUG] cheese - null
[2020-01-26T22:01:29.107] [DEBUG] cheese - login => username:admin,password:123456
[2020-01-26T22:01:29.107] [DEBUG] cheese - admin
[2020-01-26T22:01:29.113] [DEBUG] cheese - null
[2020-01-26T22:01:29.113] [DEBUG] cheese - null
[2020-01-28T09:54:49.669] [DEBUG] cheese - login => username:admin,password:123456
[2020-01-28T09:54:49.671] [DEBUG] cheese - admin
[2020-01-28T09:54:49.689] [DEBUG] cheese - null
[2020-01-28T09:54:49.690] [DEBUG] cheese - null
[2020-01-28T09:59:40.428] [DEBUG] cheese - login => username:admin,password:123456
[2020-01-28T09:59:40.428] [DEBUG] cheese - admin
[2020-01-28T09:59:40.431] [DEBUG] cheese - null
[2020-01-28T09:59:40.431] [DEBUG] cheese - null
[2020-01-28T12:56:54.555] [DEBUG] cheese - login => username:admin,password:123456
[2020-01-28T12:56:54.555] [DEBUG] cheese - admin
[2020-01-28T12:56:54.558] [DEBUG] cheese - null
[2020-01-28T12:56:54.558] [DEBUG] cheese - null
[2020-01-29T14:09:05.931] [DEBUG] cheese - login => username:admin,password:123456
[2020-01-29T14:09:05.931] [DEBUG] cheese - admin
[2020-01-29T14:09:05.987] [DEBUG] cheese - null
[2020-01-29T14:09:05.987] [DEBUG] cheese - null
[2020-01-30T13:06:03.979] [DEBUG] cheese - login => username:admin,password:123456
[2020-01-30T13:06:03.981] [DEBUG] cheese - admin
[2020-01-30T13:06:03.998] [DEBUG] cheese - null
[2020-01-30T13:06:03.999] [DEBUG] cheese - null
[2020-01-31T15:04:41.057] [DEBUG] cheese - login => username:admin,password:123456
[2020-01-31T15:04:41.059] [DEBUG] cheese - admin
[2020-01-31T15:04:41.091] [DEBUG] cheese - null
[2020-01-31T15:04:41.091] [DEBUG] cheese - null
[2020-01-31T15:16:39.226] [DEBUG] cheese - login => username:admin,password:123456
[2020-01-31T15:16:39.226] [DEBUG] cheese - admin
[2020-01-31T15:16:39.230] [DEBUG] cheese - null
[2020-01-31T15:16:39.230] [DEBUG] cheese - null
[2020-01-31T15:16:57.411] [DEBUG] cheese - login => username:admin,password:123456
[2020-01-31T15:16:57.412] [DEBUG] cheese - admin
[2020-01-31T15:16:57.416] [DEBUG] cheese - null
[2020-01-31T15:16:57.416] [DEBUG] cheese - null
[2020-01-31T16:45:49.514] [DEBUG] cheese - null
[2020-02-01T15:19:52.934] [DEBUG] cheese - login => username:admin,password:123456
[2020-02-01T15:19:52.934] [DEBUG] cheese - admin
[2020-02-01T15:19:52.943] [DEBUG] cheese - null
[2020-02-01T15:19:52.943] [DEBUG] cheese - null
[2020-02-02T10:55:43.884] [DEBUG] cheese - login => username:admin,password:123456
[2020-02-02T10:55:43.884] [DEBUG] cheese - admin
[2020-02-02T10:55:43.887] [DEBUG] cheese - null
[2020-02-02T10:55:43.887] [DEBUG] cheese - null
[2020-02-02T12:23:43.455] [DEBUG] cheese - login => username:admin,password:123456
[2020-02-02T12:23:43.458] [DEBUG] cheese - admin
[2020-02-02T12:23:43.478] [DEBUG] cheese - null
[2020-02-02T12:23:43.478] [DEBUG] cheese - null
[2020-02-02T12:25:57.106] [DEBUG] cheese - login => username:admin,password:123456
[2020-02-02T12:25:57.106] [DEBUG] cheese - admin
[2020-02-02T12:25:57.112] [DEBUG] cheese - null
[2020-02-02T12:25:57.112] [DEBUG] cheese - null
[2020-02-02T12:27:41.624] [DEBUG] cheese - login => username:admin,password:123456
[2020-02-02T12:27:41.624] [DEBUG] cheese - admin
[2020-02-02T12:27:41.630] [DEBUG] cheese - null
[2020-02-02T12:27:41.630] [DEBUG] cheese - null
[2020-02-02T12:28:10.566] [DEBUG] cheese - login => username:admin5,password:123456
[2020-02-02T12:28:10.566] [DEBUG] cheese - admin5
[2020-02-02T12:28:10.570] [DEBUG] cheese - null
[2020-02-02T12:28:10.571] [DEBUG] cheese - null
[2020-02-02T12:28:31.941] [DEBUG] cheese - login => username:admin,password:123456
[2020-02-02T12:28:31.941] [DEBUG] cheese - admin
[2020-02-02T12:28:31.946] [DEBUG] cheese - null
[2020-02-02T12:28:31.946] [DEBUG] cheese - null
[2020-02-02T12:40:46.618] [DEBUG] cheese - login => username:admin,password:123456
[2020-02-02T12:40:46.619] [DEBUG] cheese - admin
[2020-02-02T12:40:46.622] [DEBUG] cheese - null
[2020-02-02T12:40:46.622] [DEBUG] cheese - null
[2020-02-02T12:47:25.040] [DEBUG] cheese - login => username:admin,password:123456
[2020-02-02T12:47:25.040] [DEBUG] cheese - admin
[2020-02-02T12:47:25.043] [DEBUG] cheese - null
[2020-02-02T12:47:25.043] [DEBUG] cheese - null
[2020-02-02T12:59:06.747] [DEBUG] cheese - login => username:admin,password:123456
[2020-02-02T12:59:06.750] [DEBUG] cheese - admin
[2020-02-02T12:59:06.762] [DEBUG] cheese - null
[2020-02-02T12:59:06.762] [DEBUG] cheese - null
[2020-02-02T13:42:31.266] [DEBUG] cheese - login => username:admin,password:123456
[2020-02-02T13:42:31.266] [DEBUG] cheese - admin
[2020-02-02T13:42:31.272] [DEBUG] cheese - null
[2020-02-02T13:42:31.273] [DEBUG] cheese - null
[2020-02-02T13:42:52.236] [DEBUG] cheese - login => username:admin,password:123456
[2020-02-02T13:42:52.237] [DEBUG] cheese - admin
[2020-02-02T13:42:52.241] [DEBUG] cheese - null
[2020-02-02T13:42:52.241] [DEBUG] cheese - null
[2020-02-02T13:43:22.373] [DEBUG] cheese - login => username:admin,password:123456
[2020-02-02T13:43:22.373] [DEBUG] cheese - admin
[2020-02-02T13:43:22.381] [DEBUG] cheese - null
[2020-02-02T13:43:22.382] [DEBUG] cheese - null
[2020-02-02T13:57:57.669] [DEBUG] cheese - login => username:admin,password:123456
[2020-02-02T13:57:57.669] [DEBUG] cheese - admin
[2020-02-02T13:57:57.675] [DEBUG] cheese - null
[2020-02-02T13:57:57.675] [DEBUG] cheese - null
[2020-02-02T14:01:00.834] [DEBUG] cheese - login => username:admin,password:123456
[2020-02-02T14:01:00.836] [DEBUG] cheese - admin
[2020-02-02T14:01:00.875] [DEBUG] cheese - null
[2020-02-02T14:01:00.876] [DEBUG] cheese - null
[2020-02-02T14:28:33.260] [DEBUG] cheese - login => username:admin,password:123456
[2020-02-02T14:28:33.260] [DEBUG] cheese - admin
[2020-02-02T14:28:33.263] [DEBUG] cheese - null
[2020-02-02T14:28:33.263] [DEBUG] cheese - null
[2020-02-02T14:35:49.467] [DEBUG] cheese - login => username:admin,password:123456
[2020-02-02T14:35:49.467] [DEBUG] cheese - admin
[2020-02-02T14:35:49.470] [DEBUG] cheese - null
[2020-02-02T14:35:49.470] [DEBUG] cheese - null
[2020-02-02T15:29:21.354] [DEBUG] cheese - login => username:admin,password:123456
[2020-02-02T15:29:21.354] [DEBUG] cheese - admin
[2020-02-02T15:29:21.363] [DEBUG] cheese - null
[2020-02-02T15:29:21.363] [DEBUG] cheese - null
[2020-02-02T15:34:42.350] [DEBUG] cheese - login => username:admin,password:123456
[2020-02-02T15:34:42.350] [DEBUG] cheese - admin
[2020-02-02T15:34:42.352] [DEBUG] cheese - null
[2020-02-02T15:34:42.353] [DEBUG] cheese - null
[2020-02-02T16:01:32.433] [DEBUG] cheese - login => username:admin,password:123456
[2020-02-02T16:01:32.433] [DEBUG] cheese - admin
[2020-02-02T16:01:32.435] [DEBUG] cheese - null
[2020-02-02T16:01:32.435] [DEBUG] cheese - null
[2020-02-02T16:11:20.413] [DEBUG] cheese - login => username:admin,password:123456
[2020-02-02T16:11:20.413] [DEBUG] cheese - admin
[2020-02-02T16:11:20.414] [DEBUG] cheese - null
[2020-02-02T16:11:20.414] [DEBUG] cheese - null
[2020-02-05T13:54:07.684] [DEBUG] cheese - login => username:admin,password:123456
[2020-02-05T13:54:07.685] [DEBUG] cheese - admin
[2020-02-05T13:54:07.719] [DEBUG] cheese - null
[2020-02-05T13:54:07.719] [DEBUG] cheese - null
[2020-02-14T17:01:46.873] [DEBUG] cheese - login => username:admin,password:123456
[2020-02-14T17:01:46.876] [DEBUG] cheese - admin
[2020-02-14T17:01:46.900] [DEBUG] cheese - null
[2020-02-14T17:01:46.901] [DEBUG] cheese - null
[2020-02-14T17:50:21.591] [DEBUG] cheese - login => username:admin,password:123456
[2020-02-14T17:50:21.594] [DEBUG] cheese - admin
[2020-02-14T17:50:21.604] [DEBUG] cheese - null
[2020-02-14T17:50:21.604] [DEBUG] cheese - null
[2020-02-14T17:51:46.243] [DEBUG] cheese - login => username:report,password:123456
[2020-02-14T17:51:46.244] [DEBUG] cheese - report
[2020-02-14T17:51:46.247] [DEBUG] cheese - null
[2020-02-14T17:51:46.247] [DEBUG] cheese - null
[2020-02-14T17:51:51.927] [DEBUG] cheese - login => username:admin,password:123456
[2020-02-14T17:51:51.928] [DEBUG] cheese - admin
[2020-02-14T17:51:51.930] [DEBUG] cheese - null
[2020-02-14T17:51:51.930] [DEBUG] cheese - null
[2020-02-14T17:53:05.427] [DEBUG] cheese - login => username:author,password:123456
[2020-02-14T17:53:05.427] [DEBUG] cheese - author
[2020-02-14T17:53:05.429] [DEBUG] cheese - null
[2020-02-14T17:53:05.429] [DEBUG] cheese - null
[2020-02-14T17:53:07.947] [DEBUG] cheese - null
[2020-02-14T17:53:07.949] [DEBUG] cheese - null
[2020-02-14T17:53:13.294] [DEBUG] cheese - null
[2020-02-14T17:53:13.296] [DEBUG] cheese - null
[2020-02-14T17:53:14.599] [DEBUG] cheese - null
[2020-02-14T17:53:14.601] [DEBUG] cheese - null
[2020-02-14T17:53:23.043] [DEBUG] cheese - login => username:admin,password:123456
[2020-02-14T17:53:23.043] [DEBUG] cheese - admin
[2020-02-14T17:53:23.045] [DEBUG] cheese - null
[2020-02-14T17:53:23.045] [DEBUG] cheese - null
[2020-02-15T13:35:26.258] [DEBUG] cheese - login => username:admin,password:123456
[2020-02-15T13:35:26.259] [DEBUG] cheese - admin
[2020-02-15T13:35:26.261] [DEBUG] cheese - null
[2020-02-15T13:35:26.261] [DEBUG] cheese - null
[2020-02-16T12:38:14.875] [DEBUG] cheese - login => username:admin,password:123456
[2020-02-16T12:38:14.875] [DEBUG] cheese - admin
[2020-02-16T12:38:14.885] [DEBUG] cheese - null
[2020-02-16T12:38:14.885] [DEBUG] cheese - null
[2020-02-19T12:23:52.880] [DEBUG] cheese - login => username:admin,password:123456
[2020-02-19T12:23:52.880] [DEBUG] cheese - admin
[2020-02-19T12:23:52.886] [DEBUG] cheese - null
[2020-02-19T12:23:52.887] [DEBUG] cheese - null
[2020-02-19T12:26:17.173] [DEBUG] cheese - login => username:admin,password:123456
[2020-02-19T12:26:17.173] [DEBUG] cheese - admin
[2020-02-19T12:26:17.176] [DEBUG] cheese - null
[2020-02-19T12:26:17.176] [DEBUG] cheese - null
[2020-02-19T12:27:14.420] [DEBUG] cheese - login => username:admin,password:123456
[2020-02-19T12:27:14.420] [DEBUG] cheese - admin
[2020-02-19T12:27:14.422] [DEBUG] cheese - null
[2020-02-19T12:27:14.423] [DEBUG] cheese - null
[2020-02-25T03:10:46.626] [DEBUG] cheese - login => username:admin,password:123456
[2020-02-25T03:10:46.629] [DEBUG] cheese - admin
[2020-02-25T03:10:46.663] [DEBUG] cheese - null
[2020-02-25T03:10:46.663] [DEBUG] cheese - null
[2020-02-25T03:12:31.943] [DEBUG] cheese - login => username:goods,password:123456
[2020-02-25T03:12:31.943] [DEBUG] cheese - goods
[2020-02-25T03:12:31.945] [DEBUG] cheese - null
[2020-02-25T03:12:31.945] [DEBUG] cheese - null
[2020-02-25T03:12:34.412] [DEBUG] cheese - login => username:admin,password:123456
[2020-02-25T03:12:34.412] [DEBUG] cheese - admin
[2020-02-25T03:12:34.415] [DEBUG] cheese - null
[2020-02-25T03:12:34.415] [DEBUG] cheese - null
[2020-02-25T03:12:53.832] [DEBUG] cheese - login => username:good,password:123456
[2020-02-25T03:12:53.832] [DEBUG] cheese - good
[2020-02-25T03:12:53.835] [DEBUG] cheese - null
[2020-02-25T03:12:53.835] [DEBUG] cheese - null
[2020-02-25T03:13:04.899] [DEBUG] cheese - login => username:goods,password:123456
[2020-02-25T03:13:04.899] [DEBUG] cheese - goods
[2020-02-25T03:13:04.901] [DEBUG] cheese - null
[2020-02-25T03:13:04.901] [DEBUG] cheese - null
[2020-02-25T03:13:08.296] [DEBUG] cheese - null
[2020-02-25T03:13:08.298] [DEBUG] cheese - null
[2020-02-25T03:13:24.035] [DEBUG] cheese - null
[2020-02-25T03:13:24.038] [DEBUG] cheese - null
[2020-02-25T03:13:28.201] [DEBUG] cheese - null
[2020-02-25T03:13:28.203] [DEBUG] cheese - null
[2020-02-25T03:13:51.407] [DEBUG] cheese - null
[2020-02-25T03:13:51.410] [DEBUG] cheese - null
[2020-02-25T03:13:56.478] [DEBUG] cheese - null
[2020-02-25T03:13:56.480] [DEBUG] cheese - null
[2020-02-25T03:13:59.727] [DEBUG] cheese - null
[2020-02-25T03:13:59.729] [DEBUG] cheese - null
[2020-02-25T03:14:04.221] [DEBUG] cheese - null
[2020-02-25T03:14:04.224] [DEBUG] cheese - null
[2020-02-25T03:14:04.272] [DEBUG] cheese - null
[2020-02-25T03:14:04.273] [DEBUG] cheese - null
[2020-02-25T03:14:12.593] [DEBUG] cheese - login => username:goods,password:123456
[2020-02-25T03:14:12.593] [DEBUG] cheese - goods
[2020-02-25T03:14:12.596] [DEBUG] cheese - null
[2020-02-25T03:14:12.596] [DEBUG] cheese - null
[2020-02-25T03:14:15.186] [DEBUG] cheese - null
[2020-02-25T03:14:15.188] [DEBUG] cheese - null
[2020-02-25T03:14:16.064] [DEBUG] cheese - null
[2020-02-25T03:14:16.065] [DEBUG] cheese - null
[2020-02-25T03:14:17.239] [DEBUG] cheese - null
[2020-02-25T03:14:17.241] [DEBUG] cheese - null
[2020-02-25T03:14:23.251] [DEBUG] cheese - login => username:admin,password:123456
[2020-02-25T03:14:23.251] [DEBUG] cheese - admin
[2020-02-25T03:14:23.253] [DEBUG] cheese - null
[2020-02-25T03:14:23.253] [DEBUG] cheese - null
[2020-02-25T03:16:13.919] [DEBUG] cheese - login => username:goods,password:123456
[2020-02-25T03:16:13.919] [DEBUG] cheese - goods
[2020-02-25T03:16:13.920] [DEBUG] cheese - null
[2020-02-25T03:16:13.921] [DEBUG] cheese - null
[2020-02-25T03:16:17.235] [DEBUG] cheese - null
[2020-02-25T03:16:17.236] [DEBUG] cheese - null
[2020-02-25T03:16:20.234] [DEBUG] cheese - null
[2020-02-25T03:16:20.239] [DEBUG] cheese - null
[2020-02-25T03:16:21.420] [DEBUG] cheese - null
[2020-02-25T03:16:21.427] [DEBUG] cheese - null
[2020-02-25T03:16:28.501] [DEBUG] cheese - login => username:admin,password:123456
[2020-02-25T03:16:28.502] [DEBUG] cheese - admin
[2020-02-25T03:16:28.513] [DEBUG] cheese - null
[2020-02-25T03:16:28.513] [DEBUG] cheese - null
[2020-02-25T03:23:35.712] [DEBUG] cheese - login => username:admin,password:123456
[2020-02-25T03:23:35.712] [DEBUG] cheese - admin
[2020-02-25T03:23:35.715] [DEBUG] cheese - null
[2020-02-25T03:23:35.715] [DEBUG] cheese - null
[2020-02-25T03:25:38.822] [DEBUG] cheese - null
[2020-02-25T03:26:05.449] [DEBUG] cheese - login => username:linken,password:123456
[2020-02-25T03:26:05.450] [DEBUG] cheese - linken
[2020-02-25T03:26:05.451] [DEBUG] cheese - null
[2020-02-25T03:26:05.451] [DEBUG] cheese - null
[2020-02-25T03:26:07.914] [DEBUG] cheese - null
[2020-02-25T03:26:12.458] [DEBUG] cheese - null
[2020-02-25T03:26:18.375] [DEBUG] cheese - null
[2020-02-25T03:26:18.377] [DEBUG] cheese - null
[2020-02-25T03:26:21.334] [DEBUG] cheese - null
[2020-02-25T03:26:21.335] [DEBUG] cheese - null
[2020-02-25T03:26:22.151] [DEBUG] cheese - null
[2020-02-25T03:26:22.153] [DEBUG] cheese - null
[2020-02-25T03:26:22.799] [DEBUG] cheese - null
[2020-02-25T03:26:22.801] [DEBUG] cheese - null
[2020-02-25T03:26:25.970] [DEBUG] cheese - login => username:admin,password:123456
[2020-02-25T03:26:25.970] [DEBUG] cheese - admin
[2020-02-25T03:26:25.972] [DEBUG] cheese - null
[2020-02-25T03:26:25.972] [DEBUG] cheese - null
[2020-02-25T03:44:58.658] [DEBUG] cheese - login => username:admin,password:123456
[2020-02-25T03:44:58.658] [DEBUG] cheese - admin
[2020-02-25T03:44:58.660] [DEBUG] cheese - null
[2020-02-25T03:44:58.660] [DEBUG] cheese - null
[2020-02-25T09:35:09.360] [DEBUG] cheese - login => username:admin,password:123456
[2020-02-25T09:35:09.360] [DEBUG] cheese - admin
[2020-02-25T09:35:09.361] [DEBUG] cheese - null
[2020-02-25T09:35:09.361] [DEBUG] cheese - null
[2020-02-25T09:35:20.332] [DEBUG] cheese - login => username:goods,password:123456
[2020-02-25T09:35:20.333] [DEBUG] cheese - goods
[2020-02-25T09:35:20.335] [DEBUG] cheese - null
[2020-02-25T09:35:20.335] [DEBUG] cheese - null
[2020-02-25T09:35:22.817] [DEBUG] cheese - null
[2020-02-25T09:35:22.819] [DEBUG] cheese - null
[2020-02-25T09:35:23.402] [DEBUG] cheese - null
[2020-02-25T09:35:23.404] [DEBUG] cheese - null
[2020-02-25T09:35:31.430] [DEBUG] cheese - login => username:author,password:123456
[2020-02-25T09:35:31.430] [DEBUG] cheese - author
[2020-02-25T09:35:31.432] [DEBUG] cheese - null
[2020-02-25T09:35:31.432] [DEBUG] cheese - null
[2020-02-25T09:35:33.625] [DEBUG] cheese - null
[2020-02-25T09:35:33.626] [DEBUG] cheese - null
[2020-02-25T09:35:34.109] [DEBUG] cheese - null
[2020-02-25T09:35:34.110] [DEBUG] cheese - null
[2020-02-25T09:36:07.230] [DEBUG] cheese - login => username:admin,password:123456
[2020-02-25T09:36:07.230] [DEBUG] cheese - admin
[2020-02-25T09:36:07.233] [DEBUG] cheese - null
[2020-02-25T09:36:07.233] [DEBUG] cheese - null
[2020-02-25T09:36:57.448] [DEBUG] cheese - login => username:test,password:123456
[2020-02-25T09:36:57.448] [DEBUG] cheese - test
[2020-02-25T09:36:57.450] [DEBUG] cheese - null
[2020-02-25T09:36:57.451] [DEBUG] cheese - null
[2020-02-25T09:36:59.390] [DEBUG] cheese - login => username:admin,password:123456
[2020-02-25T09:36:59.390] [DEBUG] cheese - admin
[2020-02-25T09:36:59.392] [DEBUG] cheese - null
[2020-02-25T09:36:59.392] [DEBUG] cheese - null
[2020-02-25T09:37:20.461] [DEBUG] cheese - login => username:test,password:123456
[2020-02-25T09:37:20.461] [DEBUG] cheese - test
[2020-02-25T09:37:20.463] [DEBUG] cheese - null
[2020-02-25T09:37:20.463] [DEBUG] cheese - null
[2020-02-25T09:37:22.733] [DEBUG] cheese - null
[2020-02-25T09:37:22.734] [DEBUG] cheese - null
[2020-02-25T09:37:26.423] [DEBUG] cheese - login => username:admin,password:123456
[2020-02-25T09:37:26.424] [DEBUG] cheese - admin
[2020-02-25T09:37:26.425] [DEBUG] cheese - null
[2020-02-25T09:37:26.425] [DEBUG] cheese - null
[2020-02-25T09:37:34.639] [DEBUG] cheese - null
[2020-02-25T09:37:38.764] [DEBUG] cheese - null
[2020-02-25T09:37:44.419] [DEBUG] cheese - login => username:test,password:123456
[2020-02-25T09:37:44.419] [DEBUG] cheese - test
[2020-02-25T09:37:44.422] [DEBUG] cheese - null
[2020-02-25T09:37:44.422] [DEBUG] cheese - null
[2020-02-25T09:52:10.526] [DEBUG] cheese - null
[2020-02-25T09:52:10.528] [DEBUG] cheese - null
[2020-02-25T09:52:11.905] [DEBUG] cheese - null
[2020-02-25T09:52:11.906] [DEBUG] cheese - null
[2020-02-25T09:52:13.187] [DEBUG] cheese - null
[2020-02-25T09:52:13.189] [DEBUG] cheese - null
[2020-02-25T09:52:15.056] [DEBUG] cheese - null
[2020-02-25T09:52:15.057] [DEBUG] cheese - null
[2020-02-25T09:52:25.023] [DEBUG] cheese - null
[2020-02-25T09:52:25.024] [DEBUG] cheese - null
[2020-02-25T09:52:26.311] [DEBUG] cheese - null
[2020-02-25T09:52:26.312] [DEBUG] cheese - null
[2020-03-08T23:33:06.424] [DEBUG] cheese - login => username:admin,password:123456
[2020-03-08T23:33:06.428] [DEBUG] cheese - admin
[2020-03-08T23:33:06.483] [DEBUG] cheese - null
[2020-03-08T23:33:06.484] [DEBUG] cheese - null
[2020-03-08T23:33:18.033] [DEBUG] cheese - login => username:admin,password:123456
[2020-03-08T23:33:18.033] [DEBUG] cheese - admin
[2020-03-08T23:33:18.039] [DEBUG] cheese - null
[2020-03-08T23:33:18.039] [DEBUG] cheese - null
[2020-05-10T14:25:31.868] [DEBUG] cheese - login => username:admin,password:123456
[2020-05-10T14:25:31.870] [DEBUG] cheese - admin
[2020-05-10T14:25:31.873] [DEBUG] cheese - null
[2020-05-10T14:25:31.874] [DEBUG] cheese - null
[2020-05-10T15:07:35.379] [DEBUG] cheese - login => username:admin,password:123456
[2020-05-10T15:07:35.380] [DEBUG] cheese - admin
[2020-05-10T15:07:35.383] [DEBUG] cheese - null
[2020-05-10T15:07:35.384] [DEBUG] cheese - null
[2020-05-10T19:03:52.723] [DEBUG] cheese - null
[2020-05-10T20:19:05.862] [DEBUG] cheese - null
[2020-05-10T20:19:08.042] [DEBUG] cheese - null
[2020-05-10T20:19:14.916] [DEBUG] cheese - null
[2020-05-10T20:20:50.707] [DEBUG] cheese - null
[2020-05-10T20:34:35.234] [DEBUG] cheese - null
[2020-05-10T21:08:59.662] [DEBUG] cheese - null
[2020-05-10T21:09:16.626] [DEBUG] cheese - null
[2020-05-10T21:15:11.631] [DEBUG] cheese - login => username:admin,password:123456
[2020-05-10T21:15:11.631] [DEBUG] cheese - admin
[2020-05-10T21:15:11.642] [DEBUG] cheese - null
[2020-05-10T21:15:11.642] [DEBUG] cheese - null
[2020-05-10T21:15:41.909] [DEBUG] cheese - null
[2020-05-10T21:18:11.022] [DEBUG] cheese - null
[2020-05-10T21:20:39.783] [DEBUG] cheese - null
[2020-05-10T21:20:45.997] [DEBUG] cheese - null
[2020-05-10T21:20:50.276] [DEBUG] cheese - null
[2020-05-10T21:21:09.950] [DEBUG] cheese - null
[2020-05-10T21:21:39.098] [DEBUG] cheese - null
[2020-05-10T21:21:57.069] [DEBUG] cheese - null
[2020-05-10T21:22:59.172] [DEBUG] cheese - null
[2020-05-10T21:23:19.060] [DEBUG] cheese - null
[2020-05-10T21:23:22.356] [DEBUG] cheese - null
[2020-05-10T21:24:14.849] [DEBUG] cheese - null
[2020-05-11T18:50:51.339] [DEBUG] cheese - login => username:admin,password:123456
[2020-05-11T18:50:51.341] [DEBUG] cheese - admin
[2020-05-11T18:50:51.399] [DEBUG] cheese - null
[2020-05-11T18:50:51.399] [DEBUG] cheese - null
[2020-05-11T19:11:07.509] [DEBUG] cheese - login => username:admin,password:123456
[2020-05-11T19:11:07.509] [DEBUG] cheese - admin
[2020-05-11T19:11:07.512] [DEBUG] cheese - null
[2020-05-11T19:11:07.513] [DEBUG] cheese - null
[2020-05-11T19:14:58.951] [DEBUG] cheese - login => username:admin,password:123456
[2020-05-11T19:14:58.951] [DEBUG] cheese - admin
[2020-05-11T19:14:58.955] [DEBUG] cheese - null
[2020-05-11T19:14:58.955] [DEBUG] cheese - null
[2020-05-11T19:15:12.212] [DEBUG] cheese - login => username:admin,password:123456
[2020-05-11T19:15:12.212] [DEBUG] cheese - admin
[2020-05-11T19:15:12.214] [DEBUG] cheese - null
[2020-05-11T19:15:12.214] [DEBUG] cheese - null
[2020-05-11T19:17:08.497] [DEBUG] cheese - null
[2023-10-08T11:31:31.162] [DEBUG] cheese - login => username:zs,password:123456
[2023-10-08T11:31:31.164] [DEBUG] cheese - zs
[2023-10-08T11:31:31.174] [DEBUG] cheese - null
[2023-10-08T11:31:31.175] [DEBUG] cheese - null
[2023-10-08T11:32:09.602] [DEBUG] cheese - login => username:admin,password:123456
[2023-10-08T11:32:09.602] [DEBUG] cheese - admin
[2023-10-08T11:32:09.609] [DEBUG] cheese - null
[2023-10-08T11:32:09.609] [DEBUG] cheese - null
[2023-10-08T13:11:47.937] [DEBUG] cheese - login => username:admin,password:123456
[2023-10-08T13:11:47.939] [DEBUG] cheese - admin
[2023-10-08T13:11:47.945] [DEBUG] cheese - null
[2023-10-08T13:11:47.946] [DEBUG] cheese - null
[2023-10-08T13:16:34.040] [DEBUG] cheese - login => username:admin,password:123456
[2023-10-08T13:16:34.040] [DEBUG] cheese - admin
[2023-10-08T13:16:34.054] [DEBUG] cheese - null
[2023-10-08T13:16:34.054] [DEBUG] cheese - null
[2023-10-08T14:38:52.163] [DEBUG] cheese - login => username:admin,password:123456
[2023-10-08T14:38:52.164] [DEBUG] cheese - admin
[2023-10-08T14:38:52.177] [DEBUG] cheese - null
[2023-10-08T14:38:52.178] [DEBUG] cheese - null
[2023-10-08T15:42:18.754] [DEBUG] cheese - login => username:admin,password:123456
[2023-10-08T15:42:18.758] [DEBUG] cheese - admin
[2023-10-08T15:42:18.808] [DEBUG] cheese - null
[2023-10-08T15:42:18.809] [DEBUG] cheese - null
[2023-10-08T15:42:51.373] [DEBUG] cheese - login => username:admin,password:123456
[2023-10-08T15:42:51.373] [DEBUG] cheese - admin
[2023-10-08T15:42:51.381] [DEBUG] cheese - null
[2023-10-08T15:42:51.381] [DEBUG] cheese - null
[2023-10-08T15:43:06.949] [DEBUG] cheese - login => username:admin,password:123456
[2023-10-08T15:43:06.949] [DEBUG] cheese - admin
[2023-10-08T15:43:06.960] [DEBUG] cheese - null
[2023-10-08T15:43:06.960] [DEBUG] cheese - null
[2023-10-08T15:44:22.835] [DEBUG] cheese - login => username:admin,password:123456
[2023-10-08T15:44:22.835] [DEBUG] cheese - admin
[2023-10-08T15:44:22.846] [DEBUG] cheese - null
[2023-10-08T15:44:22.846] [DEBUG] cheese - null
[2023-10-08T15:44:35.340] [DEBUG] cheese - login => username:admin,password:123456
[2023-10-08T15:44:35.340] [DEBUG] cheese - admin
[2023-10-08T15:44:35.350] [DEBUG] cheese - null
[2023-10-08T15:44:35.350] [DEBUG] cheese - null
[2023-10-08T15:45:31.977] [DEBUG] cheese - login => username:admin,password:123456
[2023-10-08T15:45:31.977] [DEBUG] cheese - admin
[2023-10-08T15:45:31.986] [DEBUG] cheese - null
[2023-10-08T15:45:31.987] [DEBUG] cheese - null
[2023-10-08T15:46:07.348] [DEBUG] cheese - login => username:admin,password:123456
[2023-10-08T15:46:07.349] [DEBUG] cheese - admin
[2023-10-08T15:46:07.351] [DEBUG] cheese - null
[2023-10-08T15:46:07.352] [DEBUG] cheese - null
[2023-10-08T15:47:20.529] [DEBUG] cheese - login => username:admin,password:123456
[2023-10-08T15:47:20.530] [DEBUG] cheese - admin
[2023-10-08T15:47:20.537] [DEBUG] cheese - null
[2023-10-08T15:47:20.538] [DEBUG] cheese - null
[2023-10-08T15:49:10.092] [DEBUG] cheese - login => username:admin,password:123456
[2023-10-08T15:49:10.093] [DEBUG] cheese - admin
[2023-10-08T15:49:10.102] [DEBUG] cheese - null
[2023-10-08T15:49:10.102] [DEBUG] cheese - null
[2023-10-08T15:50:18.770] [DEBUG] cheese - login => username:admin,password:123456
[2023-10-08T15:50:18.770] [DEBUG] cheese - admin
[2023-10-08T15:50:18.778] [DEBUG] cheese - null
[2023-10-08T15:50:18.778] [DEBUG] cheese - null
[2023-10-08T17:53:44.234] [DEBUG] cheese - login => username:admin,password:123456
[2023-10-08T17:53:44.235] [DEBUG] cheese - admin
[2023-10-08T17:53:44.244] [DEBUG] cheese - null
[2023-10-08T17:53:44.244] [DEBUG] cheese - null
[2023-10-09T05:26:32.886] [DEBUG] cheese - login => username:admin,password:123456
[2023-10-09T05:26:32.888] [DEBUG] cheese - admin
[2023-10-09T05:26:33.082] [DEBUG] cheese - null
[2023-10-09T05:26:33.082] [DEBUG] cheese - null
[2023-10-09T08:12:08.412] [DEBUG] cheese - login => username:admin,password:123456
[2023-10-09T08:12:08.414] [DEBUG] cheese - admin
[2023-10-09T08:12:08.425] [DEBUG] cheese - null
[2023-10-09T08:12:08.426] [DEBUG] cheese - null
[2023-10-09T10:13:35.870] [DEBUG] cheese - login => username:admin,password:123456
[2023-10-09T10:13:35.873] [DEBUG] cheese - admin
[2023-10-09T10:13:35.881] [DEBUG] cheese - null
[2023-10-09T10:13:35.881] [DEBUG] cheese - null
[2023-10-09T10:43:37.244] [DEBUG] cheese - login => username:admin,password:123456
[2023-10-09T10:43:37.244] [DEBUG] cheese - admin
[2023-10-09T10:43:37.246] [DEBUG] cheese - null
[2023-10-09T10:43:37.247] [DEBUG] cheese - null
[2023-10-09T10:45:10.937] [DEBUG] cheese - login => username:admin,password:123456
[2023-10-09T10:45:10.938] [DEBUG] cheese - admin
[2023-10-09T10:45:10.945] [DEBUG] cheese - null
[2023-10-09T10:45:10.945] [DEBUG] cheese - null
[2023-10-09T10:45:50.384] [DEBUG] cheese - login => username:admin,password:123456
[2023-10-09T10:45:50.385] [DEBUG] cheese - admin
[2023-10-09T10:45:50.394] [DEBUG] cheese - null
[2023-10-09T10:45:50.395] [DEBUG] cheese - null
[2023-10-09T10:46:57.217] [DEBUG] cheese - login => username:admin,password:123456
[2023-10-09T10:46:57.217] [DEBUG] cheese - admin
[2023-10-09T10:46:57.219] [DEBUG] cheese - null
[2023-10-09T10:46:57.219] [DEBUG] cheese - null
[2023-10-09T11:12:25.458] [DEBUG] cheese - login => username:admin,password:123456
[2023-10-09T11:12:25.459] [DEBUG] cheese - admin
[2023-10-09T11:12:25.469] [DEBUG] cheese - null
[2023-10-09T11:12:25.469] [DEBUG] cheese - null
[2023-10-09T11:24:14.044] [DEBUG] cheese - login => username:admin,password:123456
[2023-10-09T11:24:14.044] [DEBUG] cheese - admin
[2023-10-09T11:24:14.055] [DEBUG] cheese - null
[2023-10-09T11:24:14.055] [DEBUG] cheese - null
[2023-10-09T11:49:23.477] [DEBUG] cheese - login => username:admin,password:123456
[2023-10-09T11:49:23.477] [DEBUG] cheese - admin
[2023-10-09T11:49:23.487] [DEBUG] cheese - null
[2023-10-09T11:49:23.488] [DEBUG] cheese - null
[2023-10-09T11:50:08.774] [DEBUG] cheese - login => username:admin,password:123456
[2023-10-09T11:50:08.775] [DEBUG] cheese - admin
[2023-10-09T11:50:08.778] [DEBUG] cheese - null
[2023-10-09T11:50:08.779] [DEBUG] cheese - null
[2023-10-09T12:14:33.500] [DEBUG] cheese - login => username:admin,password:123456
[2023-10-09T12:14:33.501] [DEBUG] cheese - admin
[2023-10-09T12:14:33.510] [DEBUG] cheese - null
[2023-10-09T12:14:33.511] [DEBUG] cheese - null
[2023-10-10T00:29:48.284] [DEBUG] cheese - login => username:admin,password:123456
[2023-10-10T00:29:48.284] [DEBUG] cheese - admin
[2023-10-10T00:29:48.286] [DEBUG] cheese - null
[2023-10-10T00:29:48.286] [DEBUG] cheese - null
[2023-10-10T05:30:50.115] [DEBUG] cheese - login => username:admin,password:123456
[2023-10-10T05:30:50.120] [DEBUG] cheese - admin
[2023-10-10T05:30:50.134] [DEBUG] cheese - null
[2023-10-10T05:30:50.135] [DEBUG] cheese - null
[2023-10-10T05:31:44.150] [DEBUG] cheese - login => username:admin,password:123456
[2023-10-10T05:31:44.151] [DEBUG] cheese - admin
[2023-10-10T05:31:44.159] [DEBUG] cheese - null
[2023-10-10T05:31:44.159] [DEBUG] cheese - null
[2023-10-10T05:31:47.555] [DEBUG] cheese - login => username:admin,password:123456
[2023-10-10T05:31:47.556] [DEBUG] cheese - admin
[2023-10-10T05:31:47.565] [DEBUG] cheese - null
[2023-10-10T05:31:47.566] [DEBUG] cheese - null
[2023-10-10T11:34:06.930] [DEBUG] cheese - login => username:admin,password:123456
[2023-10-10T11:34:06.931] [DEBUG] cheese - admin
[2023-10-10T11:34:06.942] [DEBUG] cheese - null
[2023-10-10T11:34:06.943] [DEBUG] cheese - null
[2023-10-10T15:57:42.005] [DEBUG] cheese - null
[2023-10-10T16:07:50.078] [DEBUG] cheese - null
[2023-10-11T01:51:16.703] [DEBUG] cheese - login => username:admin,password:123456
[2023-10-11T01:51:16.704] [DEBUG] cheese - admin
[2023-10-11T01:51:16.718] [DEBUG] cheese - null
[2023-10-11T01:51:16.719] [DEBUG] cheese - null
[2023-10-11T05:55:36.331] [DEBUG] cheese - login => username:admin,password:123456
[2023-10-11T05:55:36.334] [DEBUG] cheese - admin
[2023-10-11T05:55:36.357] [DEBUG] cheese - null
[2023-10-11T05:55:36.357] [DEBUG] cheese - null
[2023-10-11T08:52:02.009] [DEBUG] cheese - login => username:admin,password:123456
[2023-10-11T08:52:02.016] [DEBUG] cheese - admin
[2023-10-11T08:52:02.054] [DEBUG] cheese - null
[2023-10-11T08:52:02.055] [DEBUG] cheese - null
[2023-10-18T11:02:23.973] [DEBUG] cheese - login => username:admin,password:123456
[2023-10-18T11:02:23.975] [DEBUG] cheese - admin
[2023-10-18T11:02:23.989] [DEBUG] cheese - null
[2023-10-18T11:02:23.990] [DEBUG] cheese - null
[2023-10-19T11:05:28.174] [DEBUG] cheese - login => username:admin,password:123456
[2023-10-19T11:05:28.178] [DEBUG] cheese - admin
[2023-10-19T11:05:28.190] [DEBUG] cheese - null
[2023-10-19T11:05:28.191] [DEBUG] cheese - null
[2023-10-19T11:07:37.641] [DEBUG] cheese - login => username:admin,password:123456
[2023-10-19T11:07:37.647] [DEBUG] cheese - admin
[2023-10-19T11:07:37.659] [DEBUG] cheese - null
[2023-10-19T11:07:37.661] [DEBUG] cheese - null
[2023-10-19T12:04:53.834] [DEBUG] cheese - login => username:admin,password:123456
[2023-10-19T12:04:53.836] [DEBUG] cheese - admin
[2023-10-19T12:04:53.843] [DEBUG] cheese - null
[2023-10-19T12:04:53.843] [DEBUG] cheese - null
[2023-10-19T12:07:13.848] [DEBUG] cheese - login => username:admin,password:123456
[2023-10-19T12:07:13.849] [DEBUG] cheese - admin
[2023-10-19T12:07:13.853] [DEBUG] cheese - null
[2023-10-19T12:07:13.854] [DEBUG] cheese - null
[2023-10-26T04:12:27.921] [DEBUG] cheese - login => username:admin,password:123456
[2023-10-26T04:12:27.922] [DEBUG] cheese - admin
[2023-10-26T04:12:29.602] [DEBUG] cheese - null
[2023-10-26T04:12:29.604] [DEBUG] cheese - null
[2023-10-26T05:14:04.693] [DEBUG] cheese - login => username:admin,password:123456
[2023-10-26T05:14:04.699] [DEBUG] cheese - admin
[2023-10-26T05:14:04.719] [DEBUG] cheese - null
[2023-10-26T05:14:04.722] [DEBUG] cheese - null
[2023-10-26T05:21:54.581] [DEBUG] cheese - login => username:admin,password:123456
[2023-10-26T05:21:54.581] [DEBUG] cheese - admin
[2023-10-26T05:21:54.584] [DEBUG] cheese - null
[2023-10-26T05:21:54.584] [DEBUG] cheese - null
[2023-10-27T05:42:17.975] [DEBUG] cheese - login => username:admin,password:123456
[2023-10-27T05:42:17.980] [DEBUG] cheese - admin
[2023-10-27T05:42:18.027] [DEBUG] cheese - null
[2023-10-27T05:42:18.029] [DEBUG] cheese - null
[2023-10-27T11:52:15.329] [DEBUG] cheese - login => username:admin,password:123456
[2023-10-27T11:52:15.334] [DEBUG] cheese - admin
[2023-10-27T11:52:15.347] [DEBUG] cheese - null
[2023-10-27T11:52:15.349] [DEBUG] cheese - null
[2023-10-28T17:20:49.813] [DEBUG] cheese - login => username:admin,password:123456
[2023-10-28T17:20:49.815] [DEBUG] cheese - admin
[2023-10-28T17:20:49.832] [DEBUG] cheese - null
[2023-10-28T17:20:49.833] [DEBUG] cheese - null
[2023-10-29T04:21:40.128] [DEBUG] cheese - login => username:admin,password:123456
[2023-10-29T04:21:40.133] [DEBUG] cheese - admin
[2023-10-29T04:21:40.148] [DEBUG] cheese - null
[2023-10-29T04:21:40.150] [DEBUG] cheese - null
[2023-10-29T04:28:08.901] [DEBUG] cheese - login => username:admin,password:123456
[2023-10-29T04:28:08.907] [DEBUG] cheese - admin
[2023-10-29T04:28:08.923] [DEBUG] cheese - null
[2023-10-29T04:28:08.925] [DEBUG] cheese - null
[2023-10-29T23:43:06.193] [DEBUG] cheese - login => username:admin,password:123456
[2023-10-29T23:43:06.199] [DEBUG] cheese - admin
[2023-10-29T23:43:06.215] [DEBUG] cheese - null
[2023-10-29T23:43:06.217] [DEBUG] cheese - null
[2023-10-29T23:50:46.959] [DEBUG] cheese - login => username:admin,password:123456
[2023-10-29T23:50:46.967] [DEBUG] cheese - admin
[2023-10-29T23:50:46.989] [DEBUG] cheese - null
[2023-10-29T23:50:46.992] [DEBUG] cheese - null
[2023-10-31T00:24:56.686] [DEBUG] cheese - login => username:admin,password:123456
[2023-10-31T00:24:56.693] [DEBUG] cheese - admin
[2023-10-31T00:24:56.708] [DEBUG] cheese - null
[2023-10-31T00:24:56.710] [DEBUG] cheese - null
[2023-10-31T11:32:48.908] [DEBUG] cheese - login => username:admin,password:123456
[2023-10-31T11:32:48.924] [DEBUG] cheese - admin
[2023-10-31T11:32:48.964] [DEBUG] cheese - null
[2023-10-31T11:32:48.968] [DEBUG] cheese - null
[2023-11-01T11:35:08.713] [DEBUG] cheese - login => username:admin,password:123456
[2023-11-01T11:35:08.718] [DEBUG] cheese - admin
[2023-11-01T11:35:08.728] [DEBUG] cheese - null
[2023-11-01T11:35:08.730] [DEBUG] cheese - null
[2023-11-01T23:11:29.945] [DEBUG] cheese - login => username:admin,password:123456
[2023-11-01T23:11:29.950] [DEBUG] cheese - admin
[2023-11-01T23:11:29.984] [DEBUG] cheese - null
[2023-11-01T23:11:29.986] [DEBUG] cheese - null
[2023-11-01T23:11:41.778] [DEBUG] cheese - login => username:admin,password:123456
[2023-11-01T23:11:41.779] [DEBUG] cheese - admin
[2023-11-01T23:11:41.789] [DEBUG] cheese - null
[2023-11-01T23:11:41.790] [DEBUG] cheese - null
[2023-11-02T09:05:56.942] [DEBUG] cheese - login => username:admin,password:123456
[2023-11-02T09:05:56.951] [DEBUG] cheese - admin
[2023-11-02T09:05:56.988] [DEBUG] cheese - null
[2023-11-02T09:05:56.989] [DEBUG] cheese - null
[2023-11-02T19:20:15.449] [DEBUG] cheese - login => username:admin,password:123456
[2023-11-02T19:20:15.453] [DEBUG] cheese - admin
[2023-11-02T19:20:15.476] [DEBUG] cheese - null
[2023-11-02T19:20:15.476] [DEBUG] cheese - null
[2023-11-03T10:22:30.588] [DEBUG] cheese - null
[2023-11-03T12:00:08.766] [DEBUG] cheese - null
[2023-11-03T12:00:33.471] [DEBUG] cheese - null
[2023-11-03T12:01:26.396] [DEBUG] cheese - null
[2023-11-03T12:01:39.427] [DEBUG] cheese - null
[2023-11-03T12:02:10.006] [DEBUG] cheese - null
[2023-11-03T12:03:02.525] [DEBUG] cheese - null
[2023-11-03T12:03:20.648] [DEBUG] cheese - null
[2023-11-03T12:03:31.361] [DEBUG] cheese - null
[2023-11-03T12:03:34.621] [DEBUG] cheese - null
[2023-11-03T12:03:41.136] [DEBUG] cheese - null
[2023-11-03T12:05:32.411] [DEBUG] cheese - null
[2023-11-03T12:05:48.213] [DEBUG] cheese - null
[2023-11-04T05:08:32.245] [DEBUG] cheese - login => username:admin,password:123456
[2023-11-04T05:08:32.245] [DEBUG] cheese - admin
[2023-11-04T05:08:32.252] [DEBUG] cheese - null
[2023-11-04T05:08:32.253] [DEBUG] cheese - null
[2023-11-04T05:25:59.672] [DEBUG] cheese - login => username:admin,password:123456
[2023-11-04T05:25:59.673] [DEBUG] cheese - admin
[2023-11-04T05:25:59.684] [DEBUG] cheese - null
[2023-11-04T05:25:59.684] [DEBUG] cheese - null
[2023-11-05T05:29:49.251] [DEBUG] cheese - login => username:admin,password:123456
[2023-11-05T05:29:49.252] [DEBUG] cheese - admin
[2023-11-05T05:29:49.262] [DEBUG] cheese - null
[2023-11-05T05:29:49.263] [DEBUG] cheese - null
[2023-11-05T05:50:02.054] [DEBUG] cheese - login => username:admin,password:123456
[2023-11-05T05:50:02.057] [DEBUG] cheese - admin
[2023-11-05T05:50:02.073] [DEBUG] cheese - null
[2023-11-05T05:50:02.073] [DEBUG] cheese - null
[2023-11-05T05:53:04.783] [DEBUG] cheese - login => username:admin,password:123456
[2023-11-05T05:53:04.789] [DEBUG] cheese - admin
[2023-11-05T05:53:04.814] [DEBUG] cheese - null
[2023-11-05T05:53:04.815] [DEBUG] cheese - null
[2023-11-05T08:09:24.779] [DEBUG] cheese - login => username:admin,password:123456
[2023-11-05T08:09:24.780] [DEBUG] cheese - admin
[2023-11-05T08:09:24.791] [DEBUG] cheese - null
[2023-11-05T08:09:24.791] [DEBUG] cheese - null
[2023-12-11T18:04:40.144] [DEBUG] cheese - login => username:admin,password:123456
[2023-12-11T18:04:40.147] [DEBUG] cheese - admin
[2023-12-11T18:04:40.798] [DEBUG] cheese - null
[2023-12-11T18:04:40.800] [DEBUG] cheese - null
[2023-12-11T21:33:02.100] [DEBUG] cheese - login => username:admin,password:123456
[2023-12-11T21:33:02.105] [DEBUG] cheese - admin
[2023-12-11T21:33:02.129] [DEBUG] cheese - null
[2023-12-11T21:33:02.132] [DEBUG] cheese - null
